This is pdfTeX, Version 3.1415926-2.5-1.40.14 (TeX Live 2013/Debian) (format=pdflatex 2015.6.2)  3 DEC 2015 22:40
entering extended mode
 restricted \write18 enabled.
 %&-line parsing enabled.
**problem3.tex
(./problem3.tex
LaTeX2e <2011/06/27>
Babel <3.9h> and hyphenation patterns for 78 languages loaded.
(/usr/share/texlive/texmf-dist/tex/latex/base/article.cls
Document Class: article 2007/10/19 v1.4h Standard LaTeX document class
(/usr/share/texlive/texmf-dist/tex/latex/base/size10.clo
File: size10.clo 2007/10/19 v1.4h Standard LaTeX file (size option)
)
\c@part=\count79
\c@section=\count80
\c@subsection=\count81
\c@subsubsection=\count82
\c@paragraph=\count83
\c@subparagraph=\count84
\c@figure=\count85
\c@table=\count86
\abovecaptionskip=\skip41
\belowcaptionskip=\skip42
\bibindent=\dimen102
)
(/usr/share/texlive/texmf-dist/tex/latex/graphics/graphicx.sty
Package: graphicx 1999/02/16 v1.0f Enhanced LaTeX Graphics (DPC,SPQR)

(/usr/share/texlive/texmf-dist/tex/latex/graphics/keyval.sty
Package: keyval 1999/03/16 v1.13 key=value parser (DPC)
\KV@toks@=\toks14
)
(/usr/share/texlive/texmf-dist/tex/latex/graphics/graphics.sty
Package: graphics 2009/02/05 v1.0o Standard LaTeX Graphics (DPC,SPQR)

(/usr/share/texlive/texmf-dist/tex/latex/graphics/trig.sty
Package: trig 1999/03/16 v1.09 sin cos tan (DPC)
)
(/usr/share/texlive/texmf-dist/tex/latex/latexconfig/graphics.cfg
File: graphics.cfg 2010/04/23 v1.9 graphics configuration of TeX Live
)
Package graphics Info: Driver file: pdftex.def on input line 91.

(/usr/share/texlive/texmf-dist/tex/latex/pdftex-def/pdftex.def
File: pdftex.def 2011/05/27 v0.06d Graphics/color for pdfTeX

(/usr/share/texlive/texmf-dist/tex/generic/oberdiek/infwarerr.sty
Package: infwarerr 2010/04/08 v1.3 Providing info/warning/error messages (HO)
)
(/usr/share/texlive/texmf-dist/tex/generic/oberdiek/ltxcmds.sty
Package: ltxcmds 2011/11/09 v1.22 LaTeX kernel commands for general use (HO)
)
\Gread@gobject=\count87
))
\Gin@req@height=\dimen103
\Gin@req@width=\dimen104
)
(/usr/share/texlive/texmf-dist/tex/latex/amsmath/amsmath.sty
Package: amsmath 2013/01/14 v2.14 AMS math features
\@mathmargin=\skip43

For additional information on amsmath, use the `?' option.
(/usr/share/texlive/texmf-dist/tex/latex/amsmath/amstext.sty
Package: amstext 2000/06/29 v2.01

(/usr/share/texlive/texmf-dist/tex/latex/amsmath/amsgen.sty
File: amsgen.sty 1999/11/30 v2.0
\@emptytoks=\toks15
\ex@=\dimen105
))
(/usr/share/texlive/texmf-dist/tex/latex/amsmath/amsbsy.sty
Package: amsbsy 1999/11/29 v1.2d
\pmbraise@=\dimen106
)
(/usr/share/texlive/texmf-dist/tex/latex/amsmath/amsopn.sty
Package: amsopn 1999/12/14 v2.01 operator names
)
\inf@bad=\count88
LaTeX Info: Redefining \frac on input line 210.
\uproot@=\count89
\leftroot@=\count90
LaTeX Info: Redefining \overline on input line 306.
\classnum@=\count91
\DOTSCASE@=\count92
LaTeX Info: Redefining \ldots on input line 378.
LaTeX Info: Redefining \dots on input line 381.
LaTeX Info: Redefining \cdots on input line 466.
\Mathstrutbox@=\box26
\strutbox@=\box27
\big@size=\dimen107
LaTeX Font Info:    Redeclaring font encoding OML on input line 566.
LaTeX Font Info:    Redeclaring font encoding OMS on input line 567.
\macc@depth=\count93
\c@MaxMatrixCols=\count94
\dotsspace@=\muskip10
\c@parentequation=\count95
\dspbrk@lvl=\count96
\tag@help=\toks16
\row@=\count97
\column@=\count98
\maxfields@=\count99
\andhelp@=\toks17
\eqnshift@=\dimen108
\alignsep@=\dimen109
\tagshift@=\dimen110
\tagwidth@=\dimen111
\totwidth@=\dimen112
\lineht@=\dimen113
\@envbody=\toks18
\multlinegap=\skip44
\multlinetaggap=\skip45
\mathdisplay@stack=\toks19
LaTeX Info: Redefining \[ on input line 2665.
LaTeX Info: Redefining \] on input line 2666.
)
(/usr/share/texlive/texmf-dist/tex/latex/oberdiek/epstopdf.sty
Package: epstopdf 2010/02/09 v2.5 Conversion with epstopdf on the fly (HO)

(/usr/share/texlive/texmf-dist/tex/latex/oberdiek/epstopdf-base.sty
Package: epstopdf-base 2010/02/09 v2.5 Base part for package epstopdf

(/usr/share/texlive/texmf-dist/tex/latex/oberdiek/grfext.sty
Package: grfext 2010/08/19 v1.1 Manage graphics extensions (HO)

(/usr/share/texlive/texmf-dist/tex/generic/oberdiek/kvdefinekeys.sty
Package: kvdefinekeys 2011/04/07 v1.3 Define keys (HO)
))
(/usr/share/texlive/texmf-dist/tex/latex/oberdiek/kvoptions.sty
Package: kvoptions 2011/06/30 v3.11 Key value format for package options (HO)

(/usr/share/texlive/texmf-dist/tex/generic/oberdiek/kvsetkeys.sty
Package: kvsetkeys 2012/04/25 v1.16 Key value parser (HO)

(/usr/share/texlive/texmf-dist/tex/generic/oberdiek/etexcmds.sty
Package: etexcmds 2011/02/16 v1.5 Avoid name clashes with e-TeX commands (HO)

(/usr/share/texlive/texmf-dist/tex/generic/oberdiek/ifluatex.sty
Package: ifluatex 2010/03/01 v1.3 Provides the ifluatex switch (HO)
Package ifluatex Info: LuaTeX not detected.
)
Package etexcmds Info: Could not find \expanded.
(etexcmds)             That can mean that you are not using pdfTeX 1.50 or
(etexcmds)             that some package has redefined \expanded.
(etexcmds)             In the latter case, load this package earlier.
)))
(/usr/share/texlive/texmf-dist/tex/generic/oberdiek/pdftexcmds.sty
Package: pdftexcmds 2011/11/29 v0.20 Utility functions of pdfTeX for LuaTeX (HO
)

(/usr/share/texlive/texmf-dist/tex/generic/oberdiek/ifpdf.sty
Package: ifpdf 2011/01/30 v2.3 Provides the ifpdf switch (HO)
Package ifpdf Info: pdfTeX in PDF mode is detected.
)
Package pdftexcmds Info: LuaTeX not detected.
Package pdftexcmds Info: \pdf@primitive is available.
Package pdftexcmds Info: \pdf@ifprimitive is available.
Package pdftexcmds Info: \pdfdraftmode found.
)
Package grfext Info: Graphics extension search list:
(grfext)             [.png,.pdf,.jpg,.mps,.jpeg,.jbig2,.jb2,.PNG,.PDF,.JPG,.JPE
G,.JBIG2,.JB2,.eps]
(grfext)             \AppendGraphicsExtensions on input line 452.

(/usr/share/texlive/texmf-dist/tex/latex/latexconfig/epstopdf-sys.cfg
File: epstopdf-sys.cfg 2010/07/13 v1.3 Configuration of (r)epstopdf for TeX Liv
e
)))
(./problem3.aux)
\openout1 = `problem3.aux'.

LaTeX Font Info:    Checking defaults for OML/cmm/m/it on input line 10.
LaTeX Font Info:    ... okay on input line 10.
LaTeX Font Info:    Checking defaults for T1/cmr/m/n on input line 10.
LaTeX Font Info:    ... okay on input line 10.
LaTeX Font Info:    Checking defaults for OT1/cmr/m/n on input line 10.
LaTeX Font Info:    ... okay on input line 10.
LaTeX Font Info:    Checking defaults for OMS/cmsy/m/n on input line 10.
LaTeX Font Info:    ... okay on input line 10.
LaTeX Font Info:    Checking defaults for OMX/cmex/m/n on input line 10.
LaTeX Font Info:    ... okay on input line 10.
LaTeX Font Info:    Checking defaults for U/cmr/m/n on input line 10.
LaTeX Font Info:    ... okay on input line 10.
 (/usr/share/texlive/texmf-dist/tex/context/base/supp-pdf.mkii
[Loading MPS to PDF converter (version 2006.09.02).]
\scratchcounter=\count100
\scratchdimen=\dimen114
\scratchbox=\box28
\nofMPsegments=\count101
\nofMParguments=\count102
\everyMPshowfont=\toks20
\MPscratchCnt=\count103
\MPscratchDim=\dimen115
\MPnumerator=\count104
\makeMPintoPDFobject=\count105
\everyMPtoPDFconversion=\toks21
) <../data/characters_test_pattern.jpg, id=1, 501.875pt x 501.875pt>
File: ../data/characters_test_pattern.jpg Graphic file (type jpg)

<use ../data/characters_test_pattern.jpg>
Package pdftex.def Info: ../data/characters_test_pattern.jpg used on input line
 17.
(pdftex.def)             Requested size: 113.85063pt x 113.85127pt.

<../data/ideal_lowpass_10_characters_test_pattern.jpg, id=2, 501.875pt x 501.87
5pt>
File: ../data/ideal_lowpass_10_characters_test_pattern.jpg Graphic file (type j
pg)
 <use ../data/ideal_lowpass_10_characters_test_pattern.jpg>
Package pdftex.def Info: ../data/ideal_lowpass_10_characters_test_pattern.jpg u
sed on input line 18.
(pdftex.def)             Requested size: 113.85063pt x 113.85127pt.

<../data/ideal_lowpass_30_characters_test_pattern.jpg, id=3, 501.875pt x 501.87
5pt>
File: ../data/ideal_lowpass_30_characters_test_pattern.jpg Graphic file (type j
pg)
 <use ../data/ideal_lowpass_30_characters_test_pattern.jpg>
Package pdftex.def Info: ../data/ideal_lowpass_30_characters_test_pattern.jpg u
sed on input line 19.
(pdftex.def)             Requested size: 113.85063pt x 113.85127pt.

Overfull \hbox (15.99632pt too wide) in paragraph at lines 17--20
[][] [] [] 
 []


<../data/ideal_lowpass_60_characters_test_pattern.jpg, id=4, 501.875pt x 501.87
5pt>
File: ../data/ideal_lowpass_60_characters_test_pattern.jpg Graphic file (type j
pg)
 <use ../data/ideal_lowpass_60_characters_test_pattern.jpg>
Package pdftex.def Info: ../data/ideal_lowpass_60_characters_test_pattern.jpg u
sed on input line 21.
(pdftex.def)             Requested size: 113.85063pt x 113.85127pt.

<../data/ideal_lowpass_160_characters_test_pattern.jpg, id=5, 501.875pt x 501.8
75pt>
File: ../data/ideal_lowpass_160_characters_test_pattern.jpg Graphic file (type 
jpg)
 <use ../data/ideal_lowpass_160_characters_test_pattern.jpg>
Package pdftex.def Info: ../data/ideal_lowpass_160_characters_test_pattern.jpg 
used on input line 22.
(pdftex.def)             Requested size: 113.85063pt x 113.85127pt.

<../data/ideal_lowpass_460_characters_test_pattern.jpg, id=6, 501.875pt x 501.8
75pt>
File: ../data/ideal_lowpass_460_characters_test_pattern.jpg Graphic file (type 
jpg)
 <use ../data/ideal_lowpass_460_characters_test_pattern.jpg>
Package pdftex.def Info: ../data/ideal_lowpass_460_characters_test_pattern.jpg 
used on input line 23.
(pdftex.def)             Requested size: 113.85063pt x 113.85127pt.

Overfull \hbox (15.99632pt too wide) in paragraph at lines 21--24
[][] [] [] 
 []

[1

{/var/lib/texmf/fonts/map/pdftex/updmap/pdftex.map} <../data/characters_test_pa
ttern.jpg> <../data/ideal_lowpass_10_characters_test_pattern.jpg> <../data/idea
l_lowpass_30_characters_test_pattern.jpg> <../data/ideal_lowpass_60_characters_
test_pattern.jpg> <../data/ideal_lowpass_160_characters_test_pattern.jpg> <../d
ata/ideal_lowpass_460_characters_test_pattern.jpg>]
File: ../data/characters_test_pattern.jpg Graphic file (type jpg)

<use ../data/characters_test_pattern.jpg>
Package pdftex.def Info: ../data/characters_test_pattern.jpg used on input line
 30.
(pdftex.def)             Requested size: 113.85063pt x 113.85127pt.

<../data/butterworth_lowpass_10_characters_test_pattern.jpg, id=20, 501.875pt x
 501.875pt>
File: ../data/butterworth_lowpass_10_characters_test_pattern.jpg Graphic file (
type jpg)
 <use ../data/butterworth_lowpass_10_characters_test_pattern.jpg>
Package pdftex.def Info: ../data/butterworth_lowpass_10_characters_test_pattern
.jpg used on input line 31.
(pdftex.def)             Requested size: 113.85063pt x 113.85127pt.

<../data/butterworth_lowpass_30_characters_test_pattern.jpg, id=21, 501.875pt x
 501.875pt>
File: ../data/butterworth_lowpass_30_characters_test_pattern.jpg Graphic file (
type jpg)
 <use ../data/butterworth_lowpass_30_characters_test_pattern.jpg>
Package pdftex.def Info: ../data/butterworth_lowpass_30_characters_test_pattern
.jpg used on input line 32.
(pdftex.def)             Requested size: 113.85063pt x 113.85127pt.

Overfull \hbox (15.99632pt too wide) in paragraph at lines 30--33
[][] [] [] 
 []


<../data/butterworth_lowpass_60_characters_test_pattern.jpg, id=22, 501.875pt x
 501.875pt>
File: ../data/butterworth_lowpass_60_characters_test_pattern.jpg Graphic file (
type jpg)
 <use ../data/butterworth_lowpass_60_characters_test_pattern.jpg>
Package pdftex.def Info: ../data/butterworth_lowpass_60_characters_test_pattern
.jpg used on input line 34.
(pdftex.def)             Requested size: 113.85063pt x 113.85127pt.

<../data/butterworth_lowpass_160_characters_test_pattern.jpg, id=23, 501.875pt 
x 501.875pt>
File: ../data/butterworth_lowpass_160_characters_test_pattern.jpg Graphic file 
(type jpg)
 <use ../data/butterworth_lowpass_160_characters_test_pattern.jpg>
Package pdftex.def Info: ../data/butterworth_lowpass_160_characters_test_patter
n.jpg used on input line 35.
(pdftex.def)             Requested size: 113.85063pt x 113.85127pt.

<../data/butterworth_lowpass_460_characters_test_pattern.jpg, id=24, 501.875pt 
x 501.875pt>
File: ../data/butterworth_lowpass_460_characters_test_pattern.jpg Graphic file 
(type jpg)
 <use ../data/butterworth_lowpass_460_characters_test_pattern.jpg>
Package pdftex.def Info: ../data/butterworth_lowpass_460_characters_test_patter
n.jpg used on input line 36.
(pdftex.def)             Requested size: 113.85063pt x 113.85127pt.

Overfull \hbox (15.99632pt too wide) in paragraph at lines 34--37
[][] [] [] 
 []

File: ../data/characters_test_pattern.jpg Graphic file (type jpg)
<use ../data/characters_test_pattern.jpg>
Package pdftex.def Info: ../data/characters_test_pattern.jpg used on input line
 43.
(pdftex.def)             Requested size: 113.85063pt x 113.85127pt.

<../data/gaussian_lowpass_10_characters_test_pattern.jpg, id=25, 501.875pt x 50
1.875pt>
File: ../data/gaussian_lowpass_10_characters_test_pattern.jpg Graphic file (typ
e jpg)
 <use ../data/gaussian_lowpass_10_characters_test_pattern.jpg>
Package pdftex.def Info: ../data/gaussian_lowpass_10_characters_test_pattern.jp
g used on input line 44.
(pdftex.def)             Requested size: 113.85063pt x 113.85127pt.

<../data/gaussian_lowpass_30_characters_test_pattern.jpg, id=26, 501.875pt x 50
1.875pt>
File: ../data/gaussian_lowpass_30_characters_test_pattern.jpg Graphic file (typ
e jpg)
 <use ../data/gaussian_lowpass_30_characters_test_pattern.jpg>
Package pdftex.def Info: ../data/gaussian_lowpass_30_characters_test_pattern.jp
g used on input line 45.
(pdftex.def)             Requested size: 113.85063pt x 113.85127pt.

Overfull \hbox (15.99632pt too wide) in paragraph at lines 43--46
[][] [] [] 
 []


<../data/gaussian_lowpass_60_characters_test_pattern.jpg, id=27, 501.875pt x 50
1.875pt>
File: ../data/gaussian_lowpass_60_characters_test_pattern.jpg Graphic file (typ
e jpg)
 <use ../data/gaussian_lowpass_60_characters_test_pattern.jpg>
Package pdftex.def Info: ../data/gaussian_lowpass_60_characters_test_pattern.jp
g used on input line 47.
(pdftex.def)             Requested size: 113.85063pt x 113.85127pt.

<../data/gaussian_lowpass_160_characters_test_pattern.jpg, id=28, 501.875pt x 5
01.875pt>
File: ../data/gaussian_lowpass_160_characters_test_pattern.jpg Graphic file (ty
pe jpg)
 <use ../data/gaussian_lowpass_160_characters_test_pattern.jpg>
Package pdftex.def Info: ../data/gaussian_lowpass_160_characters_test_pattern.j
pg used on input line 48.
(pdftex.def)             Requested size: 113.85063pt x 113.85127pt.

<../data/gaussian_lowpass_460_characters_test_pattern.jpg, id=29, 501.875pt x 5
01.875pt>
File: ../data/gaussian_lowpass_460_characters_test_pattern.jpg Graphic file (ty
pe jpg)
 <use ../data/gaussian_lowpass_460_characters_test_pattern.jpg>
Package pdftex.def Info: ../data/gaussian_lowpass_460_characters_test_pattern.j
pg used on input line 49.
(pdftex.def)             Requested size: 113.85063pt x 113.85127pt.

Overfull \hbox (15.99632pt too wide) in paragraph at lines 47--50
[][] [] [] 
 []

[2 <../data/butterworth_lowpass_10_characters_test_pattern.jpg> <../data/butter
worth_lowpass_30_characters_test_pattern.jpg> <../data/butterworth_lowpass_60_c
haracters_test_pattern.jpg> <../data/butterworth_lowpass_160_characters_test_pa
ttern.jpg> <../data/butterworth_lowpass_460_characters_test_pattern.jpg> <../da
ta/gaussian_lowpass_10_characters_test_pattern.jpg> <../data/gaussian_lowpass_3
0_characters_test_pattern.jpg>]
<../data/ideal_highpass_30_characters_test_pattern.jpg, id=34, 501.875pt x 501.
875pt>
File: ../data/ideal_highpass_30_characters_test_pattern.jpg Graphic file (type 
jpg)
 <use ../data/ideal_highpass_30_characters_test_pattern.jpg>
Package pdftex.def Info: ../data/ideal_highpass_30_characters_test_pattern.jpg 
used on input line 56.
(pdftex.def)             Requested size: 113.85063pt x 113.85127pt.

<../data/ideal_highpass_60_characters_test_pattern.jpg, id=35, 501.875pt x 501.
875pt>
File: ../data/ideal_highpass_60_characters_test_pattern.jpg Graphic file (type 
jpg)
 <use ../data/ideal_highpass_60_characters_test_pattern.jpg>
Package pdftex.def Info: ../data/ideal_highpass_60_characters_test_pattern.jpg 
used on input line 57.
(pdftex.def)             Requested size: 113.85063pt x 113.85127pt.

<../data/ideal_highpass_160_characters_test_pattern.jpg, id=36, 501.875pt x 501
.875pt>
File: ../data/ideal_highpass_160_characters_test_pattern.jpg Graphic file (type
 jpg)
 <use ../data/ideal_highpass_160_characters_test_pattern.jpg>
Package pdftex.def Info: ../data/ideal_highpass_160_characters_test_pattern.jpg
 used on input line 58.
(pdftex.def)             Requested size: 113.85063pt x 113.85127pt.

Overfull \hbox (15.99632pt too wide) in paragraph at lines 56--59
[][] [] [] 
 []


<../data/butterworth_highpass_30_characters_test_pattern.jpg, id=37, 501.875pt 
x 501.875pt>
File: ../data/butterworth_highpass_30_characters_test_pattern.jpg Graphic file 
(type jpg)
 <use ../data/butterworth_highpass_30_characters_test_pattern.jpg>
Package pdftex.def Info: ../data/butterworth_highpass_30_characters_test_patter
n.jpg used on input line 60.
(pdftex.def)             Requested size: 113.85063pt x 113.85127pt.

<../data/butterworth_highpass_60_characters_test_pattern.jpg, id=38, 501.875pt 
x 501.875pt>
File: ../data/butterworth_highpass_60_characters_test_pattern.jpg Graphic file 
(type jpg)
 <use ../data/butterworth_highpass_60_characters_test_pattern.jpg>
Package pdftex.def Info: ../data/butterworth_highpass_60_characters_test_patter
n.jpg used on input line 61.
(pdftex.def)             Requested size: 113.85063pt x 113.85127pt.

<../data/butterworth_highpass_160_characters_test_pattern.jpg, id=39, 501.875pt
 x 501.875pt>
File: ../data/butterworth_highpass_160_characters_test_pattern.jpg Graphic file
 (type jpg)

<use ../data/butterworth_highpass_160_characters_test_pattern.jpg>
Package pdftex.def Info: ../data/butterworth_highpass_160_characters_test_patte
rn.jpg used on input line 62.
(pdftex.def)             Requested size: 113.85063pt x 113.85127pt.

Overfull \hbox (15.99632pt too wide) in paragraph at lines 60--63
[][] [] [] 
 []


<../data/gaussian_highpass_30_characters_test_pattern.jpg, id=40, 501.875pt x 5
01.875pt>
File: ../data/gaussian_highpass_30_characters_test_pattern.jpg Graphic file (ty
pe jpg)
 <use ../data/gaussian_highpass_30_characters_test_pattern.jpg>
Package pdftex.def Info: ../data/gaussian_highpass_30_characters_test_pattern.j
pg used on input line 64.
(pdftex.def)             Requested size: 113.85063pt x 113.85127pt.

<../data/gaussian_highpass_60_characters_test_pattern.jpg, id=41, 501.875pt x 5
01.875pt>
File: ../data/gaussian_highpass_60_characters_test_pattern.jpg Graphic file (ty
pe jpg)
 <use ../data/gaussian_highpass_60_characters_test_pattern.jpg>
Package pdftex.def Info: ../data/gaussian_highpass_60_characters_test_pattern.j
pg used on input line 65.
(pdftex.def)             Requested size: 113.85063pt x 113.85127pt.

<../data/gaussian_highpass_160_characters_test_pattern.jpg, id=42, 501.875pt x 
501.875pt>
File: ../data/gaussian_highpass_160_characters_test_pattern.jpg Graphic file (t
ype jpg)
 <use ../data/gaussian_highpass_160_characters_test_pattern.jpg>
Package pdftex.def Info: ../data/gaussian_highpass_160_characters_test_pattern.
jpg used on input line 66.
(pdftex.def)             Requested size: 113.85063pt x 113.85127pt.

Overfull \hbox (15.99632pt too wide) in paragraph at lines 64--67
[][] [] [] 
 []

[3 <../data/gaussian_lowpass_60_characters_test_pattern.jpg> <../data/gaussian_
lowpass_160_characters_test_pattern.jpg> <../data/gaussian_lowpass_460_characte
rs_test_pattern.jpg> <../data/ideal_highpass_30_characters_test_pattern.jpg> <.
./data/ideal_highpass_60_characters_test_pattern.jpg> <../data/ideal_highpass_1
60_characters_test_pattern.jpg> <../data/butterworth_highpass_30_characters_tes
t_pattern.jpg> <../data/butterworth_highpass_60_characters_test_pattern.jpg> <.
./data/butterworth_highpass_160_characters_test_pattern.jpg>] [4 <../data/gauss
ian_highpass_30_characters_test_pattern.jpg> <../data/gaussian_highpass_60_char
acters_test_pattern.jpg> <../data/gaussian_highpass_160_characters_test_pattern
.jpg>] (./problem3.aux) ) 
Here is how much of TeX's memory you used:
 2218 strings out of 493304
 35255 string characters out of 6139872
 89693 words of memory out of 5000000
 5642 multiletter control sequences out of 15000+600000
 8408 words of font info for 31 fonts, out of 8000000 for 9000
 957 hyphenation exceptions out of 8191
 42i,7n,23p,372b,191s stack positions out of 5000i,500n,10000p,200000b,80000s
</usr/share/texlive/texmf-dist/fonts/type1/public/amsf
onts/cm/cmbx12.pfb></usr/share/texlive/texmf-dist/fonts/type1/public/amsfonts/c
m/cmex10.pfb></usr/share/texlive/texmf-dist/fonts/type1/public/amsfonts/cm/cmmi
10.pfb></usr/share/texlive/texmf-dist/fonts/type1/public/amsfonts/cm/cmmi7.pfb>
</usr/share/texlive/texmf-dist/fonts/type1/public/amsfonts/cm/cmr10.pfb></usr/s
hare/texlive/texmf-dist/fonts/type1/public/amsfonts/cm/cmr12.pfb></usr/share/te
xlive/texmf-dist/fonts/type1/public/amsfonts/cm/cmr17.pfb></usr/share/texlive/t
exmf-dist/fonts/type1/public/amsfonts/cm/cmr7.pfb></usr/share/texlive/texmf-dis
t/fonts/type1/public/amsfonts/cm/cmsy10.pfb>
Output written on problem3.pdf (4 pages, 655830 bytes).
PDF statistics:
 78 PDF objects out of 1000 (max. 8388607)
 37 compressed objects within 1 object stream
 0 named destinations out of 1000 (max. 500000)
 126 words of extra memory for PDF output out of 10000 (max. 10000000)

