This is pdfTeX, Version 3.1415926-2.5-1.40.14 (TeX Live 2013/Debian) (format=pdflatex 2015.6.2)  8 DEC 2015 20:24
entering extended mode
 restricted \write18 enabled.
 %&-line parsing enabled.
**problem4.tex
(./problem4.tex
LaTeX2e <2011/06/27>
Babel <3.9h> and hyphenation patterns for 78 languages loaded.
(/usr/share/texlive/texmf-dist/tex/latex/base/article.cls
Document Class: article 2007/10/19 v1.4h Standard LaTeX document class
(/usr/share/texlive/texmf-dist/tex/latex/base/size10.clo
File: size10.clo 2007/10/19 v1.4h Standard LaTeX file (size option)
)
\c@part=\count79
\c@section=\count80
\c@subsection=\count81
\c@subsubsection=\count82
\c@paragraph=\count83
\c@subparagraph=\count84
\c@figure=\count85
\c@table=\count86
\abovecaptionskip=\skip41
\belowcaptionskip=\skip42
\bibindent=\dimen102
)
(/usr/share/texlive/texmf-dist/tex/latex/graphics/graphicx.sty
Package: graphicx 1999/02/16 v1.0f Enhanced LaTeX Graphics (DPC,SPQR)

(/usr/share/texlive/texmf-dist/tex/latex/graphics/keyval.sty
Package: keyval 1999/03/16 v1.13 key=value parser (DPC)
\KV@toks@=\toks14
)
(/usr/share/texlive/texmf-dist/tex/latex/graphics/graphics.sty
Package: graphics 2009/02/05 v1.0o Standard LaTeX Graphics (DPC,SPQR)

(/usr/share/texlive/texmf-dist/tex/latex/graphics/trig.sty
Package: trig 1999/03/16 v1.09 sin cos tan (DPC)
)
(/usr/share/texlive/texmf-dist/tex/latex/latexconfig/graphics.cfg
File: graphics.cfg 2010/04/23 v1.9 graphics configuration of TeX Live
)
Package graphics Info: Driver file: pdftex.def on input line 91.

(/usr/share/texlive/texmf-dist/tex/latex/pdftex-def/pdftex.def
File: pdftex.def 2011/05/27 v0.06d Graphics/color for pdfTeX

(/usr/share/texlive/texmf-dist/tex/generic/oberdiek/infwarerr.sty
Package: infwarerr 2010/04/08 v1.3 Providing info/warning/error messages (HO)
)
(/usr/share/texlive/texmf-dist/tex/generic/oberdiek/ltxcmds.sty
Package: ltxcmds 2011/11/09 v1.22 LaTeX kernel commands for general use (HO)
)
\Gread@gobject=\count87
))
\Gin@req@height=\dimen103
\Gin@req@width=\dimen104
)
(/usr/share/texlive/texmf-dist/tex/latex/amsmath/amsmath.sty
Package: amsmath 2013/01/14 v2.14 AMS math features
\@mathmargin=\skip43

For additional information on amsmath, use the `?' option.
(/usr/share/texlive/texmf-dist/tex/latex/amsmath/amstext.sty
Package: amstext 2000/06/29 v2.01

(/usr/share/texlive/texmf-dist/tex/latex/amsmath/amsgen.sty
File: amsgen.sty 1999/11/30 v2.0
\@emptytoks=\toks15
\ex@=\dimen105
))
(/usr/share/texlive/texmf-dist/tex/latex/amsmath/amsbsy.sty
Package: amsbsy 1999/11/29 v1.2d
\pmbraise@=\dimen106
)
(/usr/share/texlive/texmf-dist/tex/latex/amsmath/amsopn.sty
Package: amsopn 1999/12/14 v2.01 operator names
)
\inf@bad=\count88
LaTeX Info: Redefining \frac on input line 210.
\uproot@=\count89
\leftroot@=\count90
LaTeX Info: Redefining \overline on input line 306.
\classnum@=\count91
\DOTSCASE@=\count92
LaTeX Info: Redefining \ldots on input line 378.
LaTeX Info: Redefining \dots on input line 381.
LaTeX Info: Redefining \cdots on input line 466.
\Mathstrutbox@=\box26
\strutbox@=\box27
\big@size=\dimen107
LaTeX Font Info:    Redeclaring font encoding OML on input line 566.
LaTeX Font Info:    Redeclaring font encoding OMS on input line 567.
\macc@depth=\count93
\c@MaxMatrixCols=\count94
\dotsspace@=\muskip10
\c@parentequation=\count95
\dspbrk@lvl=\count96
\tag@help=\toks16
\row@=\count97
\column@=\count98
\maxfields@=\count99
\andhelp@=\toks17
\eqnshift@=\dimen108
\alignsep@=\dimen109
\tagshift@=\dimen110
\tagwidth@=\dimen111
\totwidth@=\dimen112
\lineht@=\dimen113
\@envbody=\toks18
\multlinegap=\skip44
\multlinetaggap=\skip45
\mathdisplay@stack=\toks19
LaTeX Info: Redefining \[ on input line 2665.
LaTeX Info: Redefining \] on input line 2666.
) (./problem4.aux)
\openout1 = `problem4.aux'.

LaTeX Font Info:    Checking defaults for OML/cmm/m/it on input line 9.
LaTeX Font Info:    ... okay on input line 9.
LaTeX Font Info:    Checking defaults for T1/cmr/m/n on input line 9.
LaTeX Font Info:    ... okay on input line 9.
LaTeX Font Info:    Checking defaults for OT1/cmr/m/n on input line 9.
LaTeX Font Info:    ... okay on input line 9.
LaTeX Font Info:    Checking defaults for OMS/cmsy/m/n on input line 9.
LaTeX Font Info:    ... okay on input line 9.
LaTeX Font Info:    Checking defaults for OMX/cmex/m/n on input line 9.
LaTeX Font Info:    ... okay on input line 9.
LaTeX Font Info:    Checking defaults for U/cmr/m/n on input line 9.
LaTeX Font Info:    ... okay on input line 9.

(/usr/share/texlive/texmf-dist/tex/context/base/supp-pdf.mkii
[Loading MPS to PDF converter (version 2006.09.02).]
\scratchcounter=\count100
\scratchdimen=\dimen114
\scratchbox=\box28
\nofMPsegments=\count101
\nofMParguments=\count102
\everyMPshowfont=\toks20
\MPscratchCnt=\count103
\MPscratchDim=\dimen115
\MPnumerator=\count104
\makeMPintoPDFobject=\count105
\everyMPtoPDFconversion=\toks21
) (/usr/share/texlive/texmf-dist/tex/generic/oberdiek/pdftexcmds.sty
Package: pdftexcmds 2011/11/29 v0.20 Utility functions of pdfTeX for LuaTeX (HO
)

(/usr/share/texlive/texmf-dist/tex/generic/oberdiek/ifluatex.sty
Package: ifluatex 2010/03/01 v1.3 Provides the ifluatex switch (HO)
Package ifluatex Info: LuaTeX not detected.
)
(/usr/share/texlive/texmf-dist/tex/generic/oberdiek/ifpdf.sty
Package: ifpdf 2011/01/30 v2.3 Provides the ifpdf switch (HO)
Package ifpdf Info: pdfTeX in PDF mode is detected.
)
Package pdftexcmds Info: LuaTeX not detected.
Package pdftexcmds Info: \pdf@primitive is available.
Package pdftexcmds Info: \pdf@ifprimitive is available.
Package pdftexcmds Info: \pdfdraftmode found.
)
(/usr/share/texlive/texmf-dist/tex/latex/oberdiek/epstopdf-base.sty
Package: epstopdf-base 2010/02/09 v2.5 Base part for package epstopdf

(/usr/share/texlive/texmf-dist/tex/latex/oberdiek/grfext.sty
Package: grfext 2010/08/19 v1.1 Manage graphics extensions (HO)

(/usr/share/texlive/texmf-dist/tex/generic/oberdiek/kvdefinekeys.sty
Package: kvdefinekeys 2011/04/07 v1.3 Define keys (HO)
))
(/usr/share/texlive/texmf-dist/tex/latex/oberdiek/kvoptions.sty
Package: kvoptions 2011/06/30 v3.11 Key value format for package options (HO)

(/usr/share/texlive/texmf-dist/tex/generic/oberdiek/kvsetkeys.sty
Package: kvsetkeys 2012/04/25 v1.16 Key value parser (HO)

(/usr/share/texlive/texmf-dist/tex/generic/oberdiek/etexcmds.sty
Package: etexcmds 2011/02/16 v1.5 Avoid name clashes with e-TeX commands (HO)
Package etexcmds Info: Could not find \expanded.
(etexcmds)             That can mean that you are not using pdfTeX 1.50 or
(etexcmds)             that some package has redefined \expanded.
(etexcmds)             In the latter case, load this package earlier.
)))
Package grfext Info: Graphics extension search list:
(grfext)             [.png,.pdf,.jpg,.mps,.jpeg,.jbig2,.jb2,.PNG,.PDF,.JPG,.JPE
G,.JBIG2,.JB2,.eps]
(grfext)             \AppendGraphicsExtensions on input line 452.

(/usr/share/texlive/texmf-dist/tex/latex/latexconfig/epstopdf-sys.cfg
File: epstopdf-sys.cfg 2010/07/13 v1.3 Configuration of (r)epstopdf for TeX Liv
e
))
<../data/Circuit.jpg, id=1, 465.74pt x 449.68pt>
File: ../data/Circuit.jpg Graphic file (type jpg)
 <use ../data/Circuit.jpg>
Package pdftex.def Info: ../data/Circuit.jpg used on input line 16.
(pdftex.def)             Requested size: 86.25pt x 83.27184pt.

<../data/gauss_Circuit.jpg, id=2, 465.74pt x 449.68pt>
File: ../data/gauss_Circuit.jpg Graphic file (type jpg)

<use ../data/gauss_Circuit.jpg>
Package pdftex.def Info: ../data/gauss_Circuit.jpg used on input line 17.
(pdftex.def)             Requested size: 86.25pt x 83.27184pt.

<../data/arithmetic_mean_gauss_Circuit.jpg, id=3, 465.74pt x 449.68pt>
File: ../data/arithmetic_mean_gauss_Circuit.jpg Graphic file (type jpg)

<use ../data/arithmetic_mean_gauss_Circuit.jpg>
Package pdftex.def Info: ../data/arithmetic_mean_gauss_Circuit.jpg used on inpu
t line 18.
(pdftex.def)             Requested size: 86.25pt x 83.27184pt.

<../data/geometric_mean_gauss_Circuit.jpg, id=4, 465.74pt x 449.68pt>
File: ../data/geometric_mean_gauss_Circuit.jpg Graphic file (type jpg)

<use ../data/geometric_mean_gauss_Circuit.jpg>
Package pdftex.def Info: ../data/geometric_mean_gauss_Circuit.jpg used on input
 line 19.
(pdftex.def)             Requested size: 86.25pt x 83.27184pt.

Overfull \hbox (21.66664pt too wide) in paragraph at lines 16--20
[][] [] [] [] 
 []

<../data/pepper_Circuit.jpg, id=5, 465.74pt x 449.68pt>
File: ../data/pepper_Circuit.jpg Graphic file (type jpg)

<use ../data/pepper_Circuit.jpg>
Package pdftex.def Info: ../data/pepper_Circuit.jpg used on input line 24.
(pdftex.def)             Requested size: 86.25pt x 83.27184pt.

<../data/salt_Circuit.jpg, id=6, 465.74pt x 449.68pt>
File: ../data/salt_Circuit.jpg Graphic file (type jpg)

<use ../data/salt_Circuit.jpg>
Package pdftex.def Info: ../data/salt_Circuit.jpg used on input line 25.
(pdftex.def)             Requested size: 86.25pt x 83.27184pt.

<../data/contra_harmonic_mean_pepper_Circuit.jpg, id=7, 465.74pt x 449.68pt>
File: ../data/contra_harmonic_mean_pepper_Circuit.jpg Graphic file (type jpg)

<use ../data/contra_harmonic_mean_pepper_Circuit.jpg>
Package pdftex.def Info: ../data/contra_harmonic_mean_pepper_Circuit.jpg used o
n input line 26.
(pdftex.def)             Requested size: 86.25pt x 83.27184pt.

<../data/contra_harmonic_mean_salt_Circuit.jpg, id=8, 465.74pt x 449.68pt>
File: ../data/contra_harmonic_mean_salt_Circuit.jpg Graphic file (type jpg)

<use ../data/contra_harmonic_mean_salt_Circuit.jpg>
Package pdftex.def Info: ../data/contra_harmonic_mean_salt_Circuit.jpg used on 
input line 27.
(pdftex.def)             Requested size: 86.25pt x 83.27184pt.

Overfull \hbox (21.66664pt too wide) in paragraph at lines 24--28
[][] [] [] [] 
 []

[1

{/var/lib/texmf/fonts/map/pdftex/updmap/pdftex.map} <../data/Circuit.jpg> <../d
ata/gauss_Circuit.jpg> <../data/arithmetic_mean_gauss_Circuit.jpg> <../data/geo
metric_mean_gauss_Circuit.jpg>]
<../data/pepper_salt_Circuit.jpg, id=25, 465.74pt x 449.68pt>
File: ../data/pepper_salt_Circuit.jpg Graphic file (type jpg)

<use ../data/pepper_salt_Circuit.jpg>
Package pdftex.def Info: ../data/pepper_salt_Circuit.jpg used on input line 35.

(pdftex.def)             Requested size: 113.85063pt x 109.9221pt.

<../data/median_pepper_salt_Circuit.jpg, id=26, 465.74pt x 449.68pt>
File: ../data/median_pepper_salt_Circuit.jpg Graphic file (type jpg)

<use ../data/median_pepper_salt_Circuit.jpg>
Package pdftex.def Info: ../data/median_pepper_salt_Circuit.jpg used on input l
ine 36.
(pdftex.def)             Requested size: 113.85063pt x 109.9221pt.

<../data/median_median_pepper_salt_Circuit.jpg, id=27, 465.74pt x 449.68pt>
File: ../data/median_median_pepper_salt_Circuit.jpg Graphic file (type jpg)

<use ../data/median_median_pepper_salt_Circuit.jpg>
Package pdftex.def Info: ../data/median_median_pepper_salt_Circuit.jpg used on 
input line 37.
(pdftex.def)             Requested size: 113.85063pt x 109.9221pt.

Overfull \hbox (15.99632pt too wide) in paragraph at lines 35--38
[][] [] [] 
 []


<../data/median_median_median_pepper_salt_Circuit.jpg, id=28, 465.74pt x 449.68
pt>
File: ../data/median_median_median_pepper_salt_Circuit.jpg Graphic file (type j
pg)
 <use ../data/median_median_median_pepper_salt_Circuit.jpg>
Package pdftex.def Info: ../data/median_median_median_pepper_salt_Circuit.jpg u
sed on input line 39.
(pdftex.def)             Requested size: 113.85063pt x 109.9221pt.

<../data/max_pepper_Circuit.jpg, id=29, 465.74pt x 449.68pt>
File: ../data/max_pepper_Circuit.jpg Graphic file (type jpg)

<use ../data/max_pepper_Circuit.jpg>
Package pdftex.def Info: ../data/max_pepper_Circuit.jpg used on input line 40.
(pdftex.def)             Requested size: 113.85063pt x 109.9221pt.

<../data/min_salt_Circuit.jpg, id=30, 465.74pt x 449.68pt>
File: ../data/min_salt_Circuit.jpg Graphic file (type jpg)

<use ../data/min_salt_Circuit.jpg>
Package pdftex.def Info: ../data/min_salt_Circuit.jpg used on input line 41.
(pdftex.def)             Requested size: 113.85063pt x 109.9221pt.

Overfull \hbox (15.99632pt too wide) in paragraph at lines 39--42
[][] [] [] 
 []

[2 <../data/pepper_Circuit.jpg> <../data/salt_Circuit.jpg> <../data/contra_harm
onic_mean_pepper_Circuit.jpg> <../data/contra_harmonic_mean_salt_Circuit.jpg> <
../data/pepper_salt_Circuit.jpg> <../data/median_pepper_salt_Circuit.jpg> <../d
ata/median_median_pepper_salt_Circuit.jpg>]
<../data/uniform_Circuit.jpg, id=35, 465.74pt x 449.68pt>
File: ../data/uniform_Circuit.jpg Graphic file (type jpg)

<use ../data/uniform_Circuit.jpg>
Package pdftex.def Info: ../data/uniform_Circuit.jpg used on input line 45.
(pdftex.def)             Requested size: 113.85063pt x 109.9221pt.

<../data/uniform_pepper_salt_Circuit.jpg, id=36, 465.74pt x 449.68pt>
File: ../data/uniform_pepper_salt_Circuit.jpg Graphic file (type jpg)

<use ../data/uniform_pepper_salt_Circuit.jpg>
Package pdftex.def Info: ../data/uniform_pepper_salt_Circuit.jpg used on input 
line 46.
(pdftex.def)             Requested size: 113.85063pt x 109.9221pt.

<../data/arithmetic_mean_uniform_pepper_salt_Circuit.jpg, id=37, 465.74pt x 449
.68pt>
File: ../data/arithmetic_mean_uniform_pepper_salt_Circuit.jpg Graphic file (typ
e jpg)
 <use ../data/arithmetic_mean_uniform_pepper_salt_Circuit.jpg>
Package pdftex.def Info: ../data/arithmetic_mean_uniform_pepper_salt_Circuit.jp
g used on input line 47.
(pdftex.def)             Requested size: 113.85063pt x 109.9221pt.

Overfull \hbox (15.99632pt too wide) in paragraph at lines 45--48
[][] [] [] 
 []


<../data/geometric_mean_uniform_pepper_salt_Circuit.jpg, id=38, 465.74pt x 449.
68pt>
File: ../data/geometric_mean_uniform_pepper_salt_Circuit.jpg Graphic file (type
 jpg)
 <use ../data/geometric_mean_uniform_pepper_salt_Circuit.jpg>
Package pdftex.def Info: ../data/geometric_mean_uniform_pepper_salt_Circuit.jpg
 used on input line 49.
(pdftex.def)             Requested size: 113.85063pt x 109.9221pt.

<../data/median_uniform_pepper_salt_Circuit.jpg, id=39, 465.74pt x 449.68pt>
File: ../data/median_uniform_pepper_salt_Circuit.jpg Graphic file (type jpg)

<use ../data/median_uniform_pepper_salt_Circuit.jpg>
Package pdftex.def Info: ../data/median_uniform_pepper_salt_Circuit.jpg used on
 input line 50.
(pdftex.def)             Requested size: 113.85063pt x 109.9221pt.

<../data/alpha_trimmed_mean_uniform_pepper_salt_Circuit.jpg, id=40, 465.74pt x 
449.68pt>
File: ../data/alpha_trimmed_mean_uniform_pepper_salt_Circuit.jpg Graphic file (
type jpg)
 <use ../data/alpha_trimmed_mean_uniform_pepper_salt_Circuit.jpg>
Package pdftex.def Info: ../data/alpha_trimmed_mean_uniform_pepper_salt_Circuit
.jpg used on input line 51.
(pdftex.def)             Requested size: 113.85063pt x 109.9221pt.

Overfull \hbox (15.99632pt too wide) in paragraph at lines 49--52
[][] [] [] 
 []

[3 <../data/median_median_median_pepper_salt_Circuit.jpg> <../data/max_pepper_C
ircuit.jpg> <../data/min_salt_Circuit.jpg> <../data/uniform_Circuit.jpg> <../da
ta/uniform_pepper_salt_Circuit.jpg> <../data/arithmetic_mean_uniform_pepper_sal
t_Circuit.jpg> <../data/geometric_mean_uniform_pepper_salt_Circuit.jpg> <../dat
a/median_uniform_pepper_salt_Circuit.jpg> <../data/alpha_trimmed_mean_uniform_p
epper_salt_Circuit.jpg>] (./problem4.aux) ) 
Here is how much of TeX's memory you used:
 2187 strings out of 493304
 32000 string characters out of 6139872
 89742 words of memory out of 5000000
 5618 multiletter control sequences out of 15000+600000
 8408 words of font info for 31 fonts, out of 8000000 for 9000
 957 hyphenation exceptions out of 8191
 38i,6n,23p,528b,191s stack positions out of 5000i,500n,10000p,200000b,80000s
</usr/share/texlive/texmf-dist/fonts
/type1/public/amsfonts/cm/cmbx12.pfb></usr/share/texlive/texmf-dist/fonts/type1
/public/amsfonts/cm/cmex10.pfb></usr/share/texlive/texmf-dist/fonts/type1/publi
c/amsfonts/cm/cmmi10.pfb></usr/share/texlive/texmf-dist/fonts/type1/public/amsf
onts/cm/cmmi5.pfb></usr/share/texlive/texmf-dist/fonts/type1/public/amsfonts/cm
/cmmi7.pfb></usr/share/texlive/texmf-dist/fonts/type1/public/amsfonts/cm/cmr10.
pfb></usr/share/texlive/texmf-dist/fonts/type1/public/amsfonts/cm/cmr12.pfb></u
sr/share/texlive/texmf-dist/fonts/type1/public/amsfonts/cm/cmr17.pfb></usr/shar
e/texlive/texmf-dist/fonts/type1/public/amsfonts/cm/cmr5.pfb></usr/share/texliv
e/texmf-dist/fonts/type1/public/amsfonts/cm/cmr7.pfb></usr/share/texlive/texmf-
dist/fonts/type1/public/amsfonts/cm/cmsy10.pfb></usr/share/texlive/texmf-dist/f
onts/type1/public/amsfonts/cm/cmsy7.pfb>
Output written on problem4.pdf (3 pages, 1205650 bytes).
PDF statistics:
 82 PDF objects out of 1000 (max. 8388607)
 44 compressed objects within 1 object stream
 0 named destinations out of 1000 (max. 500000)
 101 words of extra memory for PDF output out of 10000 (max. 10000000)

