This is pdfTeX, Version 3.1415926-2.5-1.40.14 (TeX Live 2013/Debian) (format=pdflatex 2015.6.2)  7 DEC 2015 20:47
entering extended mode
 restricted \write18 enabled.
 %&-line parsing enabled.
**problem9.tex
(./problem9.tex
LaTeX2e <2011/06/27>
Babel <3.9h> and hyphenation patterns for 78 languages loaded.
(/usr/share/texlive/texmf-dist/tex/latex/base/article.cls
Document Class: article 2007/10/19 v1.4h Standard LaTeX document class
(/usr/share/texlive/texmf-dist/tex/latex/base/size10.clo
File: size10.clo 2007/10/19 v1.4h Standard LaTeX file (size option)
)
\c@part=\count79
\c@section=\count80
\c@subsection=\count81
\c@subsubsection=\count82
\c@paragraph=\count83
\c@subparagraph=\count84
\c@figure=\count85
\c@table=\count86
\abovecaptionskip=\skip41
\belowcaptionskip=\skip42
\bibindent=\dimen102
)
(/usr/share/texlive/texmf-dist/tex/latex/graphics/graphicx.sty
Package: graphicx 1999/02/16 v1.0f Enhanced LaTeX Graphics (DPC,SPQR)

(/usr/share/texlive/texmf-dist/tex/latex/graphics/keyval.sty
Package: keyval 1999/03/16 v1.13 key=value parser (DPC)
\KV@toks@=\toks14
)
(/usr/share/texlive/texmf-dist/tex/latex/graphics/graphics.sty
Package: graphics 2009/02/05 v1.0o Standard LaTeX Graphics (DPC,SPQR)

(/usr/share/texlive/texmf-dist/tex/latex/graphics/trig.sty
Package: trig 1999/03/16 v1.09 sin cos tan (DPC)
)
(/usr/share/texlive/texmf-dist/tex/latex/latexconfig/graphics.cfg
File: graphics.cfg 2010/04/23 v1.9 graphics configuration of TeX Live
)
Package graphics Info: Driver file: pdftex.def on input line 91.

(/usr/share/texlive/texmf-dist/tex/latex/pdftex-def/pdftex.def
File: pdftex.def 2011/05/27 v0.06d Graphics/color for pdfTeX

(/usr/share/texlive/texmf-dist/tex/generic/oberdiek/infwarerr.sty
Package: infwarerr 2010/04/08 v1.3 Providing info/warning/error messages (HO)
)
(/usr/share/texlive/texmf-dist/tex/generic/oberdiek/ltxcmds.sty
Package: ltxcmds 2011/11/09 v1.22 LaTeX kernel commands for general use (HO)
)
\Gread@gobject=\count87
))
\Gin@req@height=\dimen103
\Gin@req@width=\dimen104
)
(./problem9.aux)
\openout1 = `problem9.aux'.

LaTeX Font Info:    Checking defaults for OML/cmm/m/it on input line 9.
LaTeX Font Info:    ... okay on input line 9.
LaTeX Font Info:    Checking defaults for T1/cmr/m/n on input line 9.
LaTeX Font Info:    ... okay on input line 9.
LaTeX Font Info:    Checking defaults for OT1/cmr/m/n on input line 9.
LaTeX Font Info:    ... okay on input line 9.
LaTeX Font Info:    Checking defaults for OMS/cmsy/m/n on input line 9.
LaTeX Font Info:    ... okay on input line 9.
LaTeX Font Info:    Checking defaults for OMX/cmex/m/n on input line 9.
LaTeX Font Info:    ... okay on input line 9.
LaTeX Font Info:    Checking defaults for U/cmr/m/n on input line 9.
LaTeX Font Info:    ... okay on input line 9.
 (/usr/share/texlive/texmf-dist/tex/context/base/supp-pdf.mkii
[Loading MPS to PDF converter (version 2006.09.02).]
\scratchcounter=\count88
\scratchdimen=\dimen105
\scratchbox=\box26
\nofMPsegments=\count89
\nofMParguments=\count90
\everyMPshowfont=\toks15
\MPscratchCnt=\count91
\MPscratchDim=\dimen106
\MPnumerator=\count92
\makeMPintoPDFobject=\count93
\everyMPtoPDFconversion=\toks16
) (/usr/share/texlive/texmf-dist/tex/generic/oberdiek/pdftexcmds.sty
Package: pdftexcmds 2011/11/29 v0.20 Utility functions of pdfTeX for LuaTeX (HO
)

(/usr/share/texlive/texmf-dist/tex/generic/oberdiek/ifluatex.sty
Package: ifluatex 2010/03/01 v1.3 Provides the ifluatex switch (HO)
Package ifluatex Info: LuaTeX not detected.
)
(/usr/share/texlive/texmf-dist/tex/generic/oberdiek/ifpdf.sty
Package: ifpdf 2011/01/30 v2.3 Provides the ifpdf switch (HO)
Package ifpdf Info: pdfTeX in PDF mode is detected.
)
Package pdftexcmds Info: LuaTeX not detected.
Package pdftexcmds Info: \pdf@primitive is available.
Package pdftexcmds Info: \pdf@ifprimitive is available.
Package pdftexcmds Info: \pdfdraftmode found.
)
(/usr/share/texlive/texmf-dist/tex/latex/oberdiek/epstopdf-base.sty
Package: epstopdf-base 2010/02/09 v2.5 Base part for package epstopdf

(/usr/share/texlive/texmf-dist/tex/latex/oberdiek/grfext.sty
Package: grfext 2010/08/19 v1.1 Manage graphics extensions (HO)

(/usr/share/texlive/texmf-dist/tex/generic/oberdiek/kvdefinekeys.sty
Package: kvdefinekeys 2011/04/07 v1.3 Define keys (HO)
))
(/usr/share/texlive/texmf-dist/tex/latex/oberdiek/kvoptions.sty
Package: kvoptions 2011/06/30 v3.11 Key value format for package options (HO)

(/usr/share/texlive/texmf-dist/tex/generic/oberdiek/kvsetkeys.sty
Package: kvsetkeys 2012/04/25 v1.16 Key value parser (HO)

(/usr/share/texlive/texmf-dist/tex/generic/oberdiek/etexcmds.sty
Package: etexcmds 2011/02/16 v1.5 Avoid name clashes with e-TeX commands (HO)
Package etexcmds Info: Could not find \expanded.
(etexcmds)             That can mean that you are not using pdfTeX 1.50 or
(etexcmds)             that some package has redefined \expanded.
(etexcmds)             In the latter case, load this package earlier.
)))
Package grfext Info: Graphics extension search list:
(grfext)             [.png,.pdf,.jpg,.mps,.jpeg,.jbig2,.jb2,.PNG,.PDF,.JPG,.JPE
G,.JBIG2,.JB2,.eps]
(grfext)             \AppendGraphicsExtensions on input line 452.

(/usr/share/texlive/texmf-dist/tex/latex/latexconfig/epstopdf-sys.cfg
File: epstopdf-sys.cfg 2010/07/13 v1.3 Configuration of (r)epstopdf for TeX Liv
e
))
LaTeX Font Info:    External font `cmex10' loaded for size
(Font)              <12> on input line 11.
LaTeX Font Info:    External font `cmex10' loaded for size
(Font)              <8> on input line 11.
LaTeX Font Info:    External font `cmex10' loaded for size
(Font)              <6> on input line 11.

<../data/building.jpg, id=1, 1118.1775pt x 837.1275pt>
File: ../data/building.jpg Graphic file (type jpg)

<use ../data/building.jpg>
Package pdftex.def Info: ../data/building.jpg used on input line 16.
(pdftex.def)             Requested size: 113.85063pt x 85.22493pt.

<../data/roberts_building.jpg, id=2, 1118.1775pt x 837.1275pt>
File: ../data/roberts_building.jpg Graphic file (type jpg)

<use ../data/roberts_building.jpg>
Package pdftex.def Info: ../data/roberts_building.jpg used on input line 17.
(pdftex.def)             Requested size: 113.85063pt x 85.22493pt.

<../data/prewitt_building.jpg, id=3, 1118.1775pt x 837.1275pt>
File: ../data/prewitt_building.jpg Graphic file (type jpg)

<use ../data/prewitt_building.jpg>
Package pdftex.def Info: ../data/prewitt_building.jpg used on input line 18.
(pdftex.def)             Requested size: 113.85063pt x 85.22493pt.

Overfull \hbox (15.99632pt too wide) in paragraph at lines 16--19
[][] [] [] 
 []

<../data/sobel_building.jpg, id=4, 1118.1775pt x 837.1275pt>
File: ../data/sobel_building.jpg Graphic file (type jpg)

<use ../data/sobel_building.jpg>
Package pdftex.def Info: ../data/sobel_building.jpg used on input line 20.
(pdftex.def)             Requested size: 113.85063pt x 85.22493pt.

<../data/marr_hildreth_building.jpg, id=5, 1118.1775pt x 837.1275pt>
File: ../data/marr_hildreth_building.jpg Graphic file (type jpg)

<use ../data/marr_hildreth_building.jpg>
Package pdftex.def Info: ../data/marr_hildreth_building.jpg used on input line 
21.
(pdftex.def)             Requested size: 113.85063pt x 85.22493pt.

<../data/canny_building.jpg, id=6, 1118.1775pt x 837.1275pt>
File: ../data/canny_building.jpg Graphic file (type jpg)

<use ../data/canny_building.jpg>
Package pdftex.def Info: ../data/canny_building.jpg used on input line 22.
(pdftex.def)             Requested size: 113.85063pt x 85.22493pt.

Overfull \hbox (15.99632pt too wide) in paragraph at lines 20--23
[][] [] [] 
 []

LaTeX Font Info:    External font `cmex10' loaded for size
(Font)              <7> on input line 25.
LaTeX Font Info:    External font `cmex10' loaded for size
(Font)              <5> on input line 25.
[1

{/var/lib/texmf/fonts/map/pdftex/updmap/pdftex.map} <../data/building.jpg> <../
data/roberts_building.jpg> <../data/prewitt_building.jpg> <../data/sobel_buildi
ng.jpg> <../data/marr_hildreth_building.jpg> <../data/canny_building.jpg>]
<../data/polymersomes.jpg, id=16, 704.6325pt x 650.43pt>
File: ../data/polymersomes.jpg Graphic file (type jpg)

<use ../data/polymersomes.jpg>
Package pdftex.def Info: ../data/polymersomes.jpg used on input line 69.
(pdftex.def)             Requested size: 113.85063pt x 105.09317pt.

<../data/global_polymersomes.jpg, id=17, 704.6325pt x 650.43pt>
File: ../data/global_polymersomes.jpg Graphic file (type jpg)

<use ../data/global_polymersomes.jpg>
Package pdftex.def Info: ../data/global_polymersomes.jpg used on input line 70.

(pdftex.def)             Requested size: 113.85063pt x 105.09317pt.

<../data/otsu_polymersomes.jpg, id=18, 704.6325pt x 650.43pt>
File: ../data/otsu_polymersomes.jpg Graphic file (type jpg)

<use ../data/otsu_polymersomes.jpg>
Package pdftex.def Info: ../data/otsu_polymersomes.jpg used on input line 71.
(pdftex.def)             Requested size: 113.85063pt x 105.09317pt.

Overfull \hbox (0.99632pt too wide) in paragraph at lines 69--72
[] [] [] 
 []

[2 <../data/polymersomes.jpg> <../data/global_polymersomes.jpg> <../data/otsu_p
olymersomes.jpg>] (./problem9.aux) ) 
Here is how much of TeX's memory you used:
 1530 strings out of 493304
 22478 string characters out of 6139872
 83431 words of memory out of 5000000
 4990 multiletter control sequences out of 15000+600000
 7280 words of font info for 26 fonts, out of 8000000 for 9000
 957 hyphenation exceptions out of 8191
 37i,6n,23p,394b,189s stack positions out of 5000i,500n,10000p,200000b,80000s
</usr/share/texlive/texmf-dist/fonts/type1/
public/amsfonts/cm/cmbx12.pfb></usr/share/texlive/texmf-dist/fonts/type1/public
/amsfonts/cm/cmr10.pfb></usr/share/texlive/texmf-dist/fonts/type1/public/amsfon
ts/cm/cmr12.pfb></usr/share/texlive/texmf-dist/fonts/type1/public/amsfonts/cm/c
mr17.pfb>
Output written on problem9.pdf (2 pages, 1508613 bytes).
PDF statistics:
 36 PDF objects out of 1000 (max. 8388607)
 18 compressed objects within 1 object stream
 0 named destinations out of 1000 (max. 500000)
 46 words of extra memory for PDF output out of 10000 (max. 10000000)

