This is pdfTeX, Version 3.1415926-2.5-1.40.14 (TeX Live 2013/Debian) (format=pdflatex 2015.6.2)  14 DEC 2015 19:00
entering extended mode
 restricted \write18 enabled.
 %&-line parsing enabled.
**problem7.tex
(./problem7.tex
LaTeX2e <2011/06/27>
Babel <3.9h> and hyphenation patterns for 78 languages loaded.
(/usr/share/texlive/texmf-dist/tex/latex/base/article.cls
Document Class: article 2007/10/19 v1.4h Standard LaTeX document class
(/usr/share/texlive/texmf-dist/tex/latex/base/size10.clo
File: size10.clo 2007/10/19 v1.4h Standard LaTeX file (size option)
)
\c@part=\count79
\c@section=\count80
\c@subsection=\count81
\c@subsubsection=\count82
\c@paragraph=\count83
\c@subparagraph=\count84
\c@figure=\count85
\c@table=\count86
\abovecaptionskip=\skip41
\belowcaptionskip=\skip42
\bibindent=\dimen102
)
(/usr/share/texlive/texmf-dist/tex/latex/graphics/graphicx.sty
Package: graphicx 1999/02/16 v1.0f Enhanced LaTeX Graphics (DPC,SPQR)

(/usr/share/texlive/texmf-dist/tex/latex/graphics/keyval.sty
Package: keyval 1999/03/16 v1.13 key=value parser (DPC)
\KV@toks@=\toks14
)
(/usr/share/texlive/texmf-dist/tex/latex/graphics/graphics.sty
Package: graphics 2009/02/05 v1.0o Standard LaTeX Graphics (DPC,SPQR)

(/usr/share/texlive/texmf-dist/tex/latex/graphics/trig.sty
Package: trig 1999/03/16 v1.09 sin cos tan (DPC)
)
(/usr/share/texlive/texmf-dist/tex/latex/latexconfig/graphics.cfg
File: graphics.cfg 2010/04/23 v1.9 graphics configuration of TeX Live
)
Package graphics Info: Driver file: pdftex.def on input line 91.

(/usr/share/texlive/texmf-dist/tex/latex/pdftex-def/pdftex.def
File: pdftex.def 2011/05/27 v0.06d Graphics/color for pdfTeX

(/usr/share/texlive/texmf-dist/tex/generic/oberdiek/infwarerr.sty
Package: infwarerr 2010/04/08 v1.3 Providing info/warning/error messages (HO)
)
(/usr/share/texlive/texmf-dist/tex/generic/oberdiek/ltxcmds.sty
Package: ltxcmds 2011/11/09 v1.22 LaTeX kernel commands for general use (HO)
)
\Gread@gobject=\count87
))
\Gin@req@height=\dimen103
\Gin@req@width=\dimen104
)
(./problem7.aux)
\openout1 = `problem7.aux'.

LaTeX Font Info:    Checking defaults for OML/cmm/m/it on input line 9.
LaTeX Font Info:    ... okay on input line 9.
LaTeX Font Info:    Checking defaults for T1/cmr/m/n on input line 9.
LaTeX Font Info:    ... okay on input line 9.
LaTeX Font Info:    Checking defaults for OT1/cmr/m/n on input line 9.
LaTeX Font Info:    ... okay on input line 9.
LaTeX Font Info:    Checking defaults for OMS/cmsy/m/n on input line 9.
LaTeX Font Info:    ... okay on input line 9.
LaTeX Font Info:    Checking defaults for OMX/cmex/m/n on input line 9.
LaTeX Font Info:    ... okay on input line 9.
LaTeX Font Info:    Checking defaults for U/cmr/m/n on input line 9.
LaTeX Font Info:    ... okay on input line 9.
 (/usr/share/texlive/texmf-dist/tex/context/base/supp-pdf.mkii
[Loading MPS to PDF converter (version 2006.09.02).]
\scratchcounter=\count88
\scratchdimen=\dimen105
\scratchbox=\box26
\nofMPsegments=\count89
\nofMParguments=\count90
\everyMPshowfont=\toks15
\MPscratchCnt=\count91
\MPscratchDim=\dimen106
\MPnumerator=\count92
\makeMPintoPDFobject=\count93
\everyMPtoPDFconversion=\toks16
) (/usr/share/texlive/texmf-dist/tex/generic/oberdiek/pdftexcmds.sty
Package: pdftexcmds 2011/11/29 v0.20 Utility functions of pdfTeX for LuaTeX (HO
)

(/usr/share/texlive/texmf-dist/tex/generic/oberdiek/ifluatex.sty
Package: ifluatex 2010/03/01 v1.3 Provides the ifluatex switch (HO)
Package ifluatex Info: LuaTeX not detected.
)
(/usr/share/texlive/texmf-dist/tex/generic/oberdiek/ifpdf.sty
Package: ifpdf 2011/01/30 v2.3 Provides the ifpdf switch (HO)
Package ifpdf Info: pdfTeX in PDF mode is detected.
)
Package pdftexcmds Info: LuaTeX not detected.
Package pdftexcmds Info: \pdf@primitive is available.
Package pdftexcmds Info: \pdf@ifprimitive is available.
Package pdftexcmds Info: \pdfdraftmode found.
)
(/usr/share/texlive/texmf-dist/tex/latex/oberdiek/epstopdf-base.sty
Package: epstopdf-base 2010/02/09 v2.5 Base part for package epstopdf

(/usr/share/texlive/texmf-dist/tex/latex/oberdiek/grfext.sty
Package: grfext 2010/08/19 v1.1 Manage graphics extensions (HO)

(/usr/share/texlive/texmf-dist/tex/generic/oberdiek/kvdefinekeys.sty
Package: kvdefinekeys 2011/04/07 v1.3 Define keys (HO)
))
(/usr/share/texlive/texmf-dist/tex/latex/oberdiek/kvoptions.sty
Package: kvoptions 2011/06/30 v3.11 Key value format for package options (HO)

(/usr/share/texlive/texmf-dist/tex/generic/oberdiek/kvsetkeys.sty
Package: kvsetkeys 2012/04/25 v1.16 Key value parser (HO)

(/usr/share/texlive/texmf-dist/tex/generic/oberdiek/etexcmds.sty
Package: etexcmds 2011/02/16 v1.5 Avoid name clashes with e-TeX commands (HO)
Package etexcmds Info: Could not find \expanded.
(etexcmds)             That can mean that you are not using pdfTeX 1.50 or
(etexcmds)             that some package has redefined \expanded.
(etexcmds)             In the latter case, load this package earlier.
)))
Package grfext Info: Graphics extension search list:
(grfext)             [.png,.pdf,.jpg,.mps,.jpeg,.jbig2,.jb2,.PNG,.PDF,.JPG,.JPE
G,.JBIG2,.JB2,.eps]
(grfext)             \AppendGraphicsExtensions on input line 452.

(/usr/share/texlive/texmf-dist/tex/latex/latexconfig/epstopdf-sys.cfg
File: epstopdf-sys.cfg 2010/07/13 v1.3 Configuration of (r)epstopdf for TeX Liv
e
))
LaTeX Font Info:    External font `cmex10' loaded for size
(Font)              <12> on input line 11.
LaTeX Font Info:    External font `cmex10' loaded for size
(Font)              <8> on input line 11.
LaTeX Font Info:    External font `cmex10' loaded for size
(Font)              <6> on input line 11.
LaTeX Font Info:    External font `cmex10' loaded for size
(Font)              <7> on input line 14.
LaTeX Font Info:    External font `cmex10' loaded for size
(Font)              <5> on input line 14.

<../data/lenna.jpg, id=1, 513.92pt x 513.92pt>
File: ../data/lenna.jpg Graphic file (type jpg)
 <use ../data/lenna.jpg>
Package pdftex.def Info: ../data/lenna.jpg used on input line 16.
(pdftex.def)             Requested size: 113.85063pt x 113.84692pt.

<../data/zonal_1_lenna.jpg, id=2, 513.92pt x 513.92pt>
File: ../data/zonal_1_lenna.jpg Graphic file (type jpg)

<use ../data/zonal_1_lenna.jpg>
Package pdftex.def Info: ../data/zonal_1_lenna.jpg used on input line 17.
(pdftex.def)             Requested size: 113.85063pt x 113.84692pt.

<../data/delta_zonal_1_lenna.jpg, id=3, 513.92pt x 513.92pt>
File: ../data/delta_zonal_1_lenna.jpg Graphic file (type jpg)

<use ../data/delta_zonal_1_lenna.jpg>
Package pdftex.def Info: ../data/delta_zonal_1_lenna.jpg used on input line 18.

(pdftex.def)             Requested size: 113.85063pt x 113.84692pt.

Overfull \hbox (15.99632pt too wide) in paragraph at lines 16--19
[][] [] [] 
 []

File: ../data/lenna.jpg Graphic file (type jpg)
<use ../data/lenna.jpg>
Package pdftex.def Info: ../data/lenna.jpg used on input line 20.
(pdftex.def)             Requested size: 113.85063pt x 113.84692pt.
 <../data/zonal_3_lenna.jpg, id=4, 513.92pt x 513.92pt>
File: ../data/zonal_3_lenna.jpg Graphic file (type jpg)

<use ../data/zonal_3_lenna.jpg>
Package pdftex.def Info: ../data/zonal_3_lenna.jpg used on input line 21.
(pdftex.def)             Requested size: 113.85063pt x 113.84692pt.

<../data/delta_zonal_3_lenna.jpg, id=5, 513.92pt x 513.92pt>
File: ../data/delta_zonal_3_lenna.jpg Graphic file (type jpg)

<use ../data/delta_zonal_3_lenna.jpg>
Package pdftex.def Info: ../data/delta_zonal_3_lenna.jpg used on input line 22.

(pdftex.def)             Requested size: 113.85063pt x 113.84692pt.

Overfull \hbox (15.99632pt too wide) in paragraph at lines 20--23
[][] [] [] 
 []

File: ../data/lenna.jpg Graphic file (type jpg)
<use ../data/lenna.jpg>
Package pdftex.def Info: ../data/lenna.jpg used on input line 24.
(pdftex.def)             Requested size: 113.85063pt x 113.84692pt.
 <../data/zonal_5_lenna.jpg, id=6, 513.92pt x 513.92pt>
File: ../data/zonal_5_lenna.jpg Graphic file (type jpg)

<use ../data/zonal_5_lenna.jpg>
Package pdftex.def Info: ../data/zonal_5_lenna.jpg used on input line 25.
(pdftex.def)             Requested size: 113.85063pt x 113.84692pt.

<../data/delta_zonal_5_lenna.jpg, id=7, 513.92pt x 513.92pt>
File: ../data/delta_zonal_5_lenna.jpg Graphic file (type jpg)

<use ../data/delta_zonal_5_lenna.jpg>
Package pdftex.def Info: ../data/delta_zonal_5_lenna.jpg used on input line 26.

(pdftex.def)             Requested size: 113.85063pt x 113.84692pt.

Overfull \hbox (15.99632pt too wide) in paragraph at lines 24--27
[][] [] [] 
 []

File: ../data/lenna.jpg Graphic file (type jpg)
<use ../data/lenna.jpg>
Package pdftex.def Info: ../data/lenna.jpg used on input line 28.
(pdftex.def)             Requested size: 113.85063pt x 113.84692pt.
 <../data/zonal_7_lenna.jpg, id=8, 513.92pt x 513.92pt>
File: ../data/zonal_7_lenna.jpg Graphic file (type jpg)

<use ../data/zonal_7_lenna.jpg>
Package pdftex.def Info: ../data/zonal_7_lenna.jpg used on input line 29.
(pdftex.def)             Requested size: 113.85063pt x 113.84692pt.

<../data/delta_zonal_7_lenna.jpg, id=9, 513.92pt x 513.92pt>
File: ../data/delta_zonal_7_lenna.jpg Graphic file (type jpg)

<use ../data/delta_zonal_7_lenna.jpg>
Package pdftex.def Info: ../data/delta_zonal_7_lenna.jpg used on input line 30.

(pdftex.def)             Requested size: 113.85063pt x 113.84692pt.

Overfull \hbox (15.99632pt too wide) in paragraph at lines 28--31
[][] [] [] 
 []

[1

{/var/lib/texmf/fonts/map/pdftex/updmap/pdftex.map} <../data/lenna.jpg> <../dat
a/zonal_1_lenna.jpg> <../data/delta_zonal_1_lenna.jpg> <../data/zonal_3_lenna.j
pg> <../data/delta_zonal_3_lenna.jpg> <../data/zonal_5_lenna.jpg> <../data/delt
a_zonal_5_lenna.jpg>]
File: ../data/lenna.jpg Graphic file (type jpg)
 <use ../data/lenna.jpg>
Package pdftex.def Info: ../data/lenna.jpg used on input line 34.
(pdftex.def)             Requested size: 113.85063pt x 113.84692pt.

<../data/threshold_4_lenna.jpg, id=20, 513.92pt x 513.92pt>
File: ../data/threshold_4_lenna.jpg Graphic file (type jpg)

<use ../data/threshold_4_lenna.jpg>
Package pdftex.def Info: ../data/threshold_4_lenna.jpg used on input line 35.
(pdftex.def)             Requested size: 113.85063pt x 113.84692pt.

<../data/delta_threshold_4_lenna.jpg, id=21, 513.92pt x 513.92pt>
File: ../data/delta_threshold_4_lenna.jpg Graphic file (type jpg)

<use ../data/delta_threshold_4_lenna.jpg>
Package pdftex.def Info: ../data/delta_threshold_4_lenna.jpg used on input line
 36.
(pdftex.def)             Requested size: 113.85063pt x 113.84692pt.

Overfull \hbox (15.99632pt too wide) in paragraph at lines 34--37
[][] [] [] 
 []

File: ../data/lenna.jpg Graphic file (type jpg)
<use ../data/lenna.jpg>
Package pdftex.def Info: ../data/lenna.jpg used on input line 38.
(pdftex.def)             Requested size: 113.85063pt x 113.84692pt.

<../data/threshold_8_lenna.jpg, id=22, 513.92pt x 513.92pt>
File: ../data/threshold_8_lenna.jpg Graphic file (type jpg)

<use ../data/threshold_8_lenna.jpg>
Package pdftex.def Info: ../data/threshold_8_lenna.jpg used on input line 39.
(pdftex.def)             Requested size: 113.85063pt x 113.84692pt.

<../data/delta_threshold_8_lenna.jpg, id=23, 513.92pt x 513.92pt>
File: ../data/delta_threshold_8_lenna.jpg Graphic file (type jpg)

<use ../data/delta_threshold_8_lenna.jpg>
Package pdftex.def Info: ../data/delta_threshold_8_lenna.jpg used on input line
 40.
(pdftex.def)             Requested size: 113.85063pt x 113.84692pt.

Overfull \hbox (15.99632pt too wide) in paragraph at lines 38--41
[][] [] [] 
 []

File: ../data/lenna.jpg Graphic file (type jpg)
<use ../data/lenna.jpg>
Package pdftex.def Info: ../data/lenna.jpg used on input line 42.
(pdftex.def)             Requested size: 113.85063pt x 113.84692pt.

<../data/threshold_16_lenna.jpg, id=24, 513.92pt x 513.92pt>
File: ../data/threshold_16_lenna.jpg Graphic file (type jpg)

<use ../data/threshold_16_lenna.jpg>
Package pdftex.def Info: ../data/threshold_16_lenna.jpg used on input line 43.
(pdftex.def)             Requested size: 113.85063pt x 113.84692pt.

<../data/delta_threshold_16_lenna.jpg, id=25, 513.92pt x 513.92pt>
File: ../data/delta_threshold_16_lenna.jpg Graphic file (type jpg)

<use ../data/delta_threshold_16_lenna.jpg>
Package pdftex.def Info: ../data/delta_threshold_16_lenna.jpg used on input lin
e 44.
(pdftex.def)             Requested size: 113.85063pt x 113.84692pt.

Overfull \hbox (15.99632pt too wide) in paragraph at lines 42--45
[][] [] [] 
 []

File: ../data/lenna.jpg Graphic file (type jpg)
<use ../data/lenna.jpg>
Package pdftex.def Info: ../data/lenna.jpg used on input line 46.
(pdftex.def)             Requested size: 113.85063pt x 113.84692pt.

<../data/threshold_32_lenna.jpg, id=26, 513.92pt x 513.92pt>
File: ../data/threshold_32_lenna.jpg Graphic file (type jpg)

<use ../data/threshold_32_lenna.jpg>
Package pdftex.def Info: ../data/threshold_32_lenna.jpg used on input line 47.
(pdftex.def)             Requested size: 113.85063pt x 113.84692pt.

<../data/delta_threshold_32_lenna.jpg, id=27, 513.92pt x 513.92pt>
File: ../data/delta_threshold_32_lenna.jpg Graphic file (type jpg)

<use ../data/delta_threshold_32_lenna.jpg>
Package pdftex.def Info: ../data/delta_threshold_32_lenna.jpg used on input lin
e 48.
(pdftex.def)             Requested size: 113.85063pt x 113.84692pt.

Overfull \hbox (15.99632pt too wide) in paragraph at lines 46--49
[][] [] [] 
 []

[2 <../data/zonal_7_lenna.jpg> <../data/delta_zonal_7_lenna.jpg> <../data/thres
hold_4_lenna.jpg> <../data/delta_threshold_4_lenna.jpg> <../data/threshold_8_le
nna.jpg> <../data/delta_threshold_8_lenna.jpg> <../data/threshold_16_lenna.jpg>
 <../data/delta_threshold_16_lenna.jpg>]
Overfull \hbox (19.03787pt too wide) detected at line 100
[] \OT1/cmr/m/n/10 : []
 []

[3 <../data/threshold_32_lenna.jpg> <../data/delta_threshold_32_lenna.jpg>]
File: ../data/lenna.jpg Graphic file (type jpg)

<use ../data/lenna.jpg>
Package pdftex.def Info: ../data/lenna.jpg used on input line 105.
(pdftex.def)             Requested size: 86.25pt x 86.24387pt.

<../data/haar_transform_lenna.jpg, id=37, 513.92pt x 513.92pt>
File: ../data/haar_transform_lenna.jpg Graphic file (type jpg)

<use ../data/haar_transform_lenna.jpg>
Package pdftex.def Info: ../data/haar_transform_lenna.jpg used on input line 10
6.
(pdftex.def)             Requested size: 86.25pt x 86.24387pt.

<../data/haar_lenna.jpg, id=38, 513.92pt x 513.92pt>
File: ../data/haar_lenna.jpg Graphic file (type jpg)

<use ../data/haar_lenna.jpg>
Package pdftex.def Info: ../data/haar_lenna.jpg used on input line 107.
(pdftex.def)             Requested size: 86.25pt x 86.24387pt.

<../data/delta_haar_lenna.jpg, id=39, 513.92pt x 513.92pt>
File: ../data/delta_haar_lenna.jpg Graphic file (type jpg)

<use ../data/delta_haar_lenna.jpg>
Package pdftex.def Info: ../data/delta_haar_lenna.jpg used on input line 108.
(pdftex.def)             Requested size: 86.25pt x 86.24387pt.

Overfull \hbox (21.66664pt too wide) in paragraph at lines 105--109
[][] [] [] [] 
 []

File: ../data/lenna.jpg Graphic file (type jpg)
<use ../data/lenna.jpg>
Package pdftex.def Info: ../data/lenna.jpg used on input line 110.
(pdftex.def)             Requested size: 86.25pt x 86.24387pt.

<../data/daubechies_transform_lenna.jpg, id=40, 513.92pt x 513.92pt>
File: ../data/daubechies_transform_lenna.jpg Graphic file (type jpg)

<use ../data/daubechies_transform_lenna.jpg>
Package pdftex.def Info: ../data/daubechies_transform_lenna.jpg used on input l
ine 111.
(pdftex.def)             Requested size: 86.25pt x 86.24387pt.

<../data/daubechies_lenna.jpg, id=41, 513.92pt x 513.92pt>
File: ../data/daubechies_lenna.jpg Graphic file (type jpg)

<use ../data/daubechies_lenna.jpg>
Package pdftex.def Info: ../data/daubechies_lenna.jpg used on input line 112.
(pdftex.def)             Requested size: 86.25pt x 86.24387pt.

<../data/delta_daubechies_lenna.jpg, id=42, 513.92pt x 513.92pt>
File: ../data/delta_daubechies_lenna.jpg Graphic file (type jpg)

<use ../data/delta_daubechies_lenna.jpg>
Package pdftex.def Info: ../data/delta_daubechies_lenna.jpg used on input line 
113.
(pdftex.def)             Requested size: 86.25pt x 86.24387pt.

Overfull \hbox (21.66664pt too wide) in paragraph at lines 110--114
[][] [] [] [] 
 []

File: ../data/lenna.jpg Graphic file (type jpg)
<use ../data/lenna.jpg>
Package pdftex.def Info: ../data/lenna.jpg used on input line 115.
(pdftex.def)             Requested size: 86.25pt x 86.24387pt.

<../data/symlet_transform_lenna.jpg, id=43, 513.92pt x 513.92pt>
File: ../data/symlet_transform_lenna.jpg Graphic file (type jpg)

<use ../data/symlet_transform_lenna.jpg>
Package pdftex.def Info: ../data/symlet_transform_lenna.jpg used on input line 
116.
(pdftex.def)             Requested size: 86.25pt x 86.24387pt.

<../data/symlet_lenna.jpg, id=44, 513.92pt x 513.92pt>
File: ../data/symlet_lenna.jpg Graphic file (type jpg)

<use ../data/symlet_lenna.jpg>
Package pdftex.def Info: ../data/symlet_lenna.jpg used on input line 117.
(pdftex.def)             Requested size: 86.25pt x 86.24387pt.

<../data/delta_symlet_lenna.jpg, id=45, 513.92pt x 513.92pt>
File: ../data/delta_symlet_lenna.jpg Graphic file (type jpg)

<use ../data/delta_symlet_lenna.jpg>
Package pdftex.def Info: ../data/delta_symlet_lenna.jpg used on input line 118.

(pdftex.def)             Requested size: 86.25pt x 86.24387pt.

Overfull \hbox (21.66664pt too wide) in paragraph at lines 115--119
[][] [] [] [] 
 []

File: ../data/lenna.jpg Graphic file (type jpg)
<use ../data/lenna.jpg>
Package pdftex.def Info: ../data/lenna.jpg used on input line 120.
(pdftex.def)             Requested size: 86.25pt x 86.24387pt.

<../data/cohen_daubechies_feauveau_transform_lenna.jpg, id=46, 513.92pt x 513.9
2pt>
File: ../data/cohen_daubechies_feauveau_transform_lenna.jpg Graphic file (type 
jpg)
 <use ../data/cohen_daubechies_feauveau_transform_lenna.jpg>
Package pdftex.def Info: ../data/cohen_daubechies_feauveau_transform_lenna.jpg 
used on input line 121.
(pdftex.def)             Requested size: 86.25pt x 86.24387pt.

<../data/cohen_daubechies_feauveau_lenna.jpg, id=47, 513.92pt x 513.92pt>
File: ../data/cohen_daubechies_feauveau_lenna.jpg Graphic file (type jpg)

<use ../data/cohen_daubechies_feauveau_lenna.jpg>
Package pdftex.def Info: ../data/cohen_daubechies_feauveau_lenna.jpg used on in
put line 122.
(pdftex.def)             Requested size: 86.25pt x 86.24387pt.

<../data/delta_cohen_daubechies_feauveau_lenna.jpg, id=48, 513.92pt x 513.92pt>
File: ../data/delta_cohen_daubechies_feauveau_lenna.jpg Graphic file (type jpg)

<use ../data/delta_cohen_daubechies_feauveau_lenna.jpg>
Package pdftex.def Info: ../data/delta_cohen_daubechies_feauveau_lenna.jpg used
 on input line 123.
(pdftex.def)             Requested size: 86.25pt x 86.24387pt.

Overfull \hbox (21.66664pt too wide) in paragraph at lines 120--124
[][] [] [] [] 
 []

[4 <../data/haar_transform_lenna.jpg> <../data/haar_lenna.jpg> <../data/delta_h
aar_lenna.jpg> <../data/daubechies_transform_lenna.jpg> <../data/daubechies_len
na.jpg> <../data/delta_daubechies_lenna.jpg> <../data/symlet_transform_lenna.jp
g> <../data/symlet_lenna.jpg> <../data/delta_symlet_lenna.jpg> <../data/cohen_d
aubechies_feauveau_transform_lenna.jpg> <../data/cohen_daubechies_feauveau_lenn
a.jpg> <../data/delta_cohen_daubechies_feauveau_lenna.jpg>] (./problem7.aux) ) 
Here is how much of TeX's memory you used:
 1632 strings out of 493304
 26069 string characters out of 6139872
 85431 words of memory out of 5000000
 5071 multiletter control sequences out of 15000+600000
 7588 words of font info for 27 fonts, out of 8000000 for 9000
 957 hyphenation exceptions out of 8191
 37i,7n,23p,481b,189s stack positions out of 5000i,500n,10000p,200000b,80000s
<
/usr/share/texlive/texmf-dist/fonts/type1/public/amsfonts/cm/cmbx10.pfb></usr/s
hare/texlive/texmf-dist/fonts/type1/public/amsfonts/cm/cmbx12.pfb></usr/share/t
exlive/texmf-dist/fonts/type1/public/amsfonts/cm/cmmi10.pfb></usr/share/texlive
/texmf-dist/fonts/type1/public/amsfonts/cm/cmr10.pfb></usr/share/texlive/texmf-
dist/fonts/type1/public/amsfonts/cm/cmr12.pfb></usr/share/texlive/texmf-dist/fo
nts/type1/public/amsfonts/cm/cmr17.pfb></usr/share/texlive/texmf-dist/fonts/typ
e1/public/amsfonts/cm/cmr7.pfb></usr/share/texlive/texmf-dist/fonts/type1/publi
c/amsfonts/cm/cmsy10.pfb>
Output written on problem7.pdf (4 pages, 1036266 bytes).
PDF statistics:
 78 PDF objects out of 1000 (max. 8388607)
 34 compressed objects within 1 object stream
 0 named destinations out of 1000 (max. 500000)
 146 words of extra memory for PDF output out of 10000 (max. 10000000)

